[11:31:42] [ServerMain/INFO]: Building unoptimized datafixer
[11:31:42] [ServerMain/INFO]: Environment: authHost='https://authserver.mojang.com', accountsHost='https://api.mojang.com', sessionHost='https://sessionserver.mojang.com', servicesHost='https://api.minecraftservices.com', name='PROD'
[11:31:43] [ServerMain/INFO]: Loaded 7 recipes
[11:31:43] [ServerMain/INFO]: Loaded 1179 advancements
[11:31:44] [Server thread/INFO]: Starting minecraft server version 1.19.2
[11:31:44] [Server thread/INFO]: Loading properties
[11:31:44] [Server thread/INFO]: Default game type: SURVIVAL
[11:31:44] [Server thread/INFO]: Generating keypair
[11:31:44] [Server thread/INFO]: Starting Minecraft server on *:25567
[11:31:44] [Server thread/INFO]: Using default channel type
[11:31:44] [Server thread/INFO]: Preparing level "world"
[11:31:44] [Server thread/INFO]: Preparing start region for dimension minecraft:overworld
[11:31:45] [Worker-Main-7/INFO]: Preparing spawn area: 0%
[11:31:45] [Worker-Main-7/INFO]: Preparing spawn area: 0%
[11:31:45] [Worker-Main-7/INFO]: Preparing spawn area: 0%
[11:31:45] [Worker-Main-10/INFO]: Preparing spawn area: 24%
[11:31:45] [Server thread/INFO]: Time elapsed: 1746 ms
[11:31:45] [Server thread/INFO]: Done (1.857s)! For help, type "help"
[11:33:48] [Server thread/INFO]: That player does not exist
[11:34:04] [Server thread/INFO]: That player does not exist
[11:34:44] [Server thread/INFO]: That player does not exist
[11:34:49] [Server thread/INFO]: Added TheEmeraldBee to the whitelist
[11:35:13] [Server thread/INFO]: /advancement (grant|revoke)
[11:35:13] [Server thread/INFO]: /attribute <target> <attribute> (get|base|modifier)
[11:35:13] [Server thread/INFO]: /execute (run|if|unless|as|at|store|positioned|rotated|facing|align|anchored|in)
[11:35:13] [Server thread/INFO]: /bossbar (add|remove|list|set|get)
[11:35:13] [Server thread/INFO]: /clear [<targets>]
[11:35:13] [Server thread/INFO]: /clone <begin> <end> <destination> [replace|masked|filtered]
[11:35:13] [Server thread/INFO]: /data (merge|get|remove|modify)
[11:35:13] [Server thread/INFO]: /datapack (enable|disable|list)
[11:35:13] [Server thread/INFO]: /debug (start|stop|function)
[11:35:13] [Server thread/INFO]: /defaultgamemode (survival|creative|adventure|spectator)
[11:35:13] [Server thread/INFO]: /difficulty [peaceful|easy|normal|hard]
[11:35:13] [Server thread/INFO]: /effect (clear|give)
[11:35:13] [Server thread/INFO]: /me <action>
[11:35:13] [Server thread/INFO]: /enchant <targets> <enchantment> [<level>]
[11:35:13] [Server thread/INFO]: /experience (add|set|query)
[11:35:13] [Server thread/INFO]: /xp -> experience
[11:35:13] [Server thread/INFO]: /fill <from> <to> <block> [replace|keep|outline|hollow|destroy]
[11:35:13] [Server thread/INFO]: /forceload (add|remove|query)
[11:35:13] [Server thread/INFO]: /function <name>
[11:35:13] [Server thread/INFO]: /gamemode (survival|creative|adventure|spectator)
[11:35:13] [Server thread/INFO]: /gamerule (announceAdvancements|commandBlockOutput|disableElytraMovementCheck|disableRaids|doDaylightCycle|doEntityDrops|doFireTick|doImmediateRespawn|doInsomnia|doLimitedCrafting|doMobLoot|doMobSpawning|doPatrolSpawning|doTileDrops|doTraderSpawning|doWardenSpawning|doWeatherCycle|drowningDamage|fallDamage|fireDamage|forgiveDeadPlayers|freezeDamage|keepInventory|logAdminCommands|maxCommandChainLength|maxEntityCramming|mobGriefing|naturalRegeneration|playersSleepingPercentage|randomTickSpeed|reducedDebugInfo|sendCommandFeedback|showDeathMessages|spawnRadius|spectatorsGenerateChunks|universalAnger)
[11:35:13] [Server thread/INFO]: /give <targets> <item> [<count>]
[11:35:13] [Server thread/INFO]: /help [<command>]
[11:35:13] [Server thread/INFO]: /item (replace|modify)
[11:35:13] [Server thread/INFO]: /kick <targets> [<reason>]
[11:35:13] [Server thread/INFO]: /kill [<targets>]
[11:35:13] [Server thread/INFO]: /list [uuids]
[11:35:13] [Server thread/INFO]: /locate (structure|biome|poi)
[11:35:13] [Server thread/INFO]: /loot (replace|insert|give|spawn)
[11:35:13] [Server thread/INFO]: /msg <targets> <message>
[11:35:13] [Server thread/INFO]: /tell -> msg
[11:35:13] [Server thread/INFO]: /w -> msg
[11:35:13] [Server thread/INFO]: /particle <name> [<pos>]
[11:35:13] [Server thread/INFO]: /place (feature|jigsaw|structure|template)
[11:35:13] [Server thread/INFO]: /playsound <sound> (master|music|record|weather|block|hostile|neutral|player|ambient|voice)
[11:35:13] [Server thread/INFO]: /reload
[11:35:13] [Server thread/INFO]: /recipe (give|take)
[11:35:13] [Server thread/INFO]: /say <message>
[11:35:13] [Server thread/INFO]: /schedule (function|clear)
[11:35:13] [Server thread/INFO]: /scoreboard (objectives|players)
[11:35:13] [Server thread/INFO]: /seed
[11:35:13] [Server thread/INFO]: /setblock <pos> <block> [destroy|keep|replace]
[11:35:13] [Server thread/INFO]: /spawnpoint [<targets>]
[11:35:13] [Server thread/INFO]: /setworldspawn [<pos>]
[11:35:13] [Server thread/INFO]: /spectate [<target>]
[11:35:13] [Server thread/INFO]: /spreadplayers <center> <spreadDistance> <maxRange> (<respectTeams>|under)
[11:35:13] [Server thread/INFO]: /stopsound <targets> [*|master|music|record|weather|block|hostile|neutral|player|ambient|voice]
[11:35:13] [Server thread/INFO]: /summon <entity> [<pos>]
[11:35:13] [Server thread/INFO]: /tag <targets> (add|remove|list)
[11:35:13] [Server thread/INFO]: /team (list|add|remove|empty|join|leave|modify)
[11:35:13] [Server thread/INFO]: /teammsg <message>
[11:35:13] [Server thread/INFO]: /tm -> teammsg
[11:35:13] [Server thread/INFO]: /teleport (<location>|<destination>|<targets>)
[11:35:13] [Server thread/INFO]: /tp -> teleport
[11:35:13] [Server thread/INFO]: /tellraw <targets> <message>
[11:35:13] [Server thread/INFO]: /time (set|add|query)
[11:35:13] [Server thread/INFO]: /title <targets> (clear|reset|title|subtitle|actionbar|times)
[11:35:13] [Server thread/INFO]: /trigger <objective> [add|set]
[11:35:13] [Server thread/INFO]: /weather (clear|rain|thunder)
[11:35:13] [Server thread/INFO]: /worldborder (add|set|center|damage|get|warning)
[11:35:13] [Server thread/INFO]: /jfr (start|stop)
[11:35:13] [Server thread/INFO]: /ban-ip <target> [<reason>]
[11:35:13] [Server thread/INFO]: /banlist [ips|players]
[11:35:13] [Server thread/INFO]: /ban <targets> [<reason>]
[11:35:13] [Server thread/INFO]: /deop <targets>
[11:35:13] [Server thread/INFO]: /op <targets>
[11:35:13] [Server thread/INFO]: /pardon <targets>
[11:35:13] [Server thread/INFO]: /pardon-ip <target>
[11:35:13] [Server thread/INFO]: /perf (start|stop)
[11:35:13] [Server thread/INFO]: /save-all [flush]
[11:35:13] [Server thread/INFO]: /save-off
[11:35:13] [Server thread/INFO]: /save-on
[11:35:13] [Server thread/INFO]: /setidletimeout <minutes>
[11:35:13] [Server thread/INFO]: /stop
[11:35:13] [Server thread/INFO]: /whitelist (on|off|list|add|remove|reload)
[11:35:39] [Server thread/INFO]: Whitelist is now turned on
[11:36:17] [Server thread/INFO]: That player does not exist
[11:36:47] [Server thread/INFO]: Added _GodApollo_ to the whitelist
[11:52:41] [Server thread/INFO]: Stopping the server
[11:52:41] [Server thread/INFO]: Stopping server
[11:52:41] [Server thread/INFO]: Saving players
[11:52:41] [Server thread/INFO]: Saving worlds
[11:52:41] [Server thread/INFO]: Saving chunks for level 'ServerLevel[world]'/minecraft:overworld
[11:52:41] [Server thread/INFO]: Saving chunks for level 'ServerLevel[world]'/minecraft:the_end
[11:52:41] [Server thread/INFO]: Saving chunks for level 'ServerLevel[world]'/minecraft:the_nether
[11:52:41] [Server thread/INFO]: ThreadedAnvilChunkStorage (world): All chunks are saved
[11:52:41] [Server thread/INFO]: ThreadedAnvilChunkStorage (DIM1): All chunks are saved
[11:52:41] [Server thread/INFO]: ThreadedAnvilChunkStorage (DIM-1): All chunks are saved
[11:52:41] [Server thread/INFO]: ThreadedAnvilChunkStorage: All dimensions are saved
